<?xml version="1.0" encoding="UTF-8"?>
<!-- Generated by org.testng.reporters.JUnitXMLReporter -->
<testsuite ignored="0" hostname="SWAPNIL" failures="0" tests="4" name="atest1" time="0.09" errors="0" timestamp="2025-12-04T09:59:41 IST">
  <testcase classname="alpha.ATest1" name="m1" time="0.012"/>
  <testcase classname="alpha.ATest1" name="m2" time="0.002"/>
  <testcase classname="alpha.ATest2" name="m1" time="0.002"/>
  <testcase classname="alpha.ATest2" name="m2" time="0.004"/>
</testsuite> <!-- atest1 -->
