<?xml version="1.0" encoding="UTF-8"?>
<!-- Generated by org.testng.reporters.JUnitXMLReporter -->
<testsuite ignored="0" hostname="SWAPNIL" failures="0" tests="4" name="btest2" time="0.021" errors="0" timestamp="2025-12-04T09:59:41 IST">
  <testcase classname="beta.BTest1" name="m1" time="0.003"/>
  <testcase classname="beta.BTest1" name="m2" time="0.001"/>
  <testcase classname="beta.BTest2" name="m1" time="0.002"/>
  <testcase classname="beta.BTest2" name="m2" time="0.002"/>
</testsuite> <!-- btest2 -->
