<?xml version="1.0" encoding="UTF-8"?>
<!-- Generated by org.testng.reporters.JUnitXMLReporter -->
<testsuite ignored="0" hostname="SWAPNIL" failures="0" tests="8" name="test2" time="40.136" errors="0" timestamp="2025-12-04T09:51:23 IST">
  <testcase classname="parallel.db.DBTest1" name="m1" time="5.012"/>
  <testcase classname="parallel.db.DBTest1" name="m2" time="5.019"/>
  <testcase classname="parallel.db.DBTest1" name="m3" time="5.008"/>
  <testcase classname="parallel.db.DBTest1" name="m4" time="5.017"/>
  <testcase classname="parallel.db.DBTest2" name="m1" time="5.011"/>
  <testcase classname="parallel.db.DBTest2" name="m2" time="5.006"/>
  <testcase classname="parallel.db.DBTest2" name="m3" time="5.005"/>
  <testcase classname="parallel.db.DBTest2" name="m4" time="5.006"/>
</testsuite> <!-- test2 -->
