<?xml version="1.0" encoding="UTF-8"?>
<!-- Generated by org.testng.reporters.JUnitXMLReporter -->
<testsuite ignored="0" hostname="SWAPNIL" failures="0" tests="8" name="test1" time="40.22" errors="0" timestamp="2025-12-04T09:50:43 IST">
  <testcase classname="parallel.ui.UITest2" name="m1" time="5.023"/>
  <testcase classname="parallel.ui.UITest2" name="m2" time="5.006"/>
  <testcase classname="parallel.ui.UITest2" name="m3" time="5.012"/>
  <testcase classname="parallel.ui.UITest2" name="m4" time="5.015"/>
  <testcase classname="parallel.ui.UITest1" name="m1" time="5.013"/>
  <testcase classname="parallel.ui.UITest1" name="m2" time="5.017"/>
  <testcase classname="parallel.ui.UITest1" name="m3" time="5.018"/>
  <testcase classname="parallel.ui.UITest1" name="m4" time="5.011"/>
</testsuite> <!-- test1 -->
