<?xml version="1.0" encoding="UTF-8"?>
<!-- Generated by org.testng.reporters.JUnitXMLReporter -->
<testsuite ignored="0" hostname="SWAPNIL" failures="0" tests="4" name="UITests" time="0.068" errors="0" timestamp="2025-12-03T10:43:47 IST">
  <testcase classname="ui.UITest2" name="m1" time="0.005"/>
  <testcase classname="ui.UITest2" name="m2" time="0.003"/>
  <testcase classname="ui.UITest1" name="m1" time="0.001"/>
  <testcase classname="ui.UITest1" name="m2" time="0.002"/>
</testsuite> <!-- UITests -->
