<?xml version="1.0" encoding="UTF-8"?>
<!-- Generated by org.testng.reporters.JUnitXMLReporter -->
<testsuite ignored="0" hostname="SWAPNIL" failures="0" tests="4" name="DBTests" time="0.042" errors="0" timestamp="2025-12-04T09:59:41 IST">
  <testcase classname="db.DBTest1" name="m1" time="0.001"/>
  <testcase classname="db.DBTest1" name="m2" time="0.001"/>
  <testcase classname="db.DBTest2" name="m1" time="0.001"/>
  <testcase classname="db.DBTest2" name="m2" time="0.002"/>
</testsuite> <!-- DBTests -->
