<?xml version="1.0" encoding="UTF-8"?>
<!-- Generated by org.testng.reporters.JUnitXMLReporter -->
<testsuite ignored="0" hostname="SWAPNIL" failures="0" tests="4" name="test1" time="0.016" errors="0" timestamp="2025-11-27T23:03:30 IST">
  <testcase classname="ui.UITest2" name="m1" time="0.001"/>
  <testcase classname="ui.UITest2" name="m2" time="0.001"/>
  <testcase classname="ui.UITest1" name="m1" time="0.001"/>
  <testcase classname="ui.UITest1" name="m2" time="0.002"/>
</testsuite> <!-- test1 -->
