<?xml version="1.0" encoding="UTF-8"?>
<!-- Generated by org.testng.reporters.JUnitReportReporter -->
<testsuite hostname="SWAPNIL" failures="0" tests="4" name="parallel.db.DBTest2" time="20.028" errors="0" timestamp="2025-12-04T09:51:23 IST" skipped="0">
  <testcase classname="parallel.db.DBTest2" name="m3" time="5.005"/>
  <testcase classname="parallel.db.DBTest2" name="m2" time="5.006"/>
  <testcase classname="parallel.db.DBTest2" name="m4" time="5.006"/>
  <testcase classname="parallel.db.DBTest2" name="m1" time="5.011"/>
</testsuite> <!-- parallel.db.DBTest2 -->
