<?xml version="1.0" encoding="UTF-8"?>
<!-- Generated by org.testng.reporters.JUnitReportReporter -->
<testsuite hostname="SWAPNIL" failures="0" tests="4" name="test.Lab9" time="0.016" errors="0" timestamp="2025-11-27T18:37:45 IST" skipped="0">
  <testcase classname="test.Lab9" name="m2" time="0.001"/>
  <testcase classname="test.Lab9" name="m4" time="0.002"/>
  <testcase classname="test.Lab9" name="m1" time="0.011"/>
  <testcase classname="test.Lab9" name="m3" time="0.002"/>
</testsuite> <!-- test.Lab9 -->
