<?xml version="1.0" encoding="UTF-8"?>
<!-- Generated by org.testng.reporters.JUnitReportReporter -->
<testsuite hostname="SWAPNIL" failures="0" tests="4" name="parallel.ui.UITest2" time="20.056" errors="0" timestamp="2025-12-04T09:51:23 IST" skipped="0">
  <testcase classname="parallel.ui.UITest2" name="m1" time="5.023"/>
  <testcase classname="parallel.ui.UITest2" name="m3" time="5.012"/>
  <testcase classname="parallel.ui.UITest2" name="m2" time="5.006"/>
  <testcase classname="parallel.ui.UITest2" name="m4" time="5.015"/>
</testsuite> <!-- parallel.ui.UITest2 -->
