<?xml version="1.0" encoding="UTF-8"?>
<!-- Generated by org.testng.reporters.JUnitReportReporter -->
<testsuite hostname="SWAPNIL" failures="0" tests="9" name="dataprovider.TestClass" time="0.019" errors="0" timestamp="2025-12-03T10:42:56 IST" skipped="0">
  <testcase classname="dataprovider.TestClass" name="m1" time="0.001"/>
  <testcase classname="dataprovider.TestClass" name="m2" time="0.001"/>
  <testcase classname="dataprovider.TestClass" name="m2" time="0.001"/>
  <testcase classname="dataprovider.TestClass" name="m1" time="0.003"/>
  <testcase classname="dataprovider.TestClass" name="m1" time="0.001"/>
  <testcase classname="dataprovider.TestClass" name="m2" time="0.000"/>
  <testcase classname="dataprovider.TestClass" name="m1" time="0.002"/>
  <testcase classname="dataprovider.TestClass" name="m1" time="0.008"/>
  <testcase classname="dataprovider.TestClass" name="m2" time="0.002"/>
</testsuite> <!-- dataprovider.TestClass -->
