<?xml version="1.0" encoding="UTF-8"?>
<!-- Generated by org.testng.reporters.JUnitReportReporter -->
<testsuite hostname="SWAPNIL" failures="0" tests="4" name="parallel.ui.UITest1" time="20.059" errors="0" timestamp="2025-12-04T09:51:23 IST" skipped="0">
  <testcase classname="parallel.ui.UITest1" name="m3" time="5.018"/>
  <testcase classname="parallel.ui.UITest1" name="m2" time="5.017"/>
  <testcase classname="parallel.ui.UITest1" name="m4" time="5.011"/>
  <testcase classname="parallel.ui.UITest1" name="m1" time="5.013"/>
</testsuite> <!-- parallel.ui.UITest1 -->
