<?xml version="1.0" encoding="UTF-8"?>
<!-- Generated by org.testng.reporters.JUnitReportReporter -->
<testsuite hostname="SWAPNIL" failures="0" tests="4" name="test.BLab13_ClassLevelTest" time="0.021" errors="0" timestamp="2025-11-27T21:08:50 IST" skipped="0">
  <testcase classname="test.BLab13_ClassLevelTest" name="m2" time="0.003"/>
  <testcase classname="test.BLab13_ClassLevelTest" name="m4" time="0.002"/>
  <testcase classname="test.BLab13_ClassLevelTest" name="m3" time="0.005"/>
  <testcase classname="test.BLab13_ClassLevelTest" name="m1" time="0.011"/>
</testsuite> <!-- test.BLab13_ClassLevelTest -->
