<?xml version="1.0" encoding="UTF-8"?>
<!-- Generated by org.testng.reporters.JUnitReportReporter -->
<testsuite hostname="SWAPNIL" failures="0" tests="3" name="parameters.TestClass" time="0.014" errors="0" timestamp="2025-12-03T10:24:52 IST" skipped="0">
  <testcase classname="parameters.TestClass" name="m2" time="0.003"/>
  <testcase classname="parameters.TestClass" name="m1" time="0.010"/>
  <testcase classname="parameters.TestClass" name="m3" time="0.001"/>
</testsuite> <!-- parameters.TestClass -->
