<?xml version="1.0" encoding="UTF-8"?>
<!-- Generated by org.testng.reporters.JUnitReportReporter -->
<testsuite hostname="SWAPNIL" failures="0" tests="3" name="test.BLab10_ExceptionMessage" time="0.013" errors="0" timestamp="2025-12-02T11:35:50 IST" skipped="0">
  <testcase classname="test.BLab10_ExceptionMessage" name="m3" time="0.001"/>
  <testcase classname="test.BLab10_ExceptionMessage" name="m2" time="0.004"/>
  <testcase classname="test.BLab10_ExceptionMessage" name="m1" time="0.008"/>
</testsuite> <!-- test.BLab10_ExceptionMessage -->
