<?xml version="1.0" encoding="UTF-8"?>
<testng-results ignored="0" total="2" passed="2" failed="0" skipped="0">
  <reporter-output>
  </reporter-output>
  <suite started-at="2025-12-26T19:37:58 IST" name="Default suite" finished-at="2025-12-26T19:37:59 IST" duration-ms="1128">
    <groups>
    </groups>
    <test started-at="2025-12-26T19:37:58 IST" name="Default test" finished-at="2025-12-26T19:37:59 IST" duration-ms="1128">
      <class name="test.TestFileHandling">
        <test-method is-config="true" signature="init()[pri:0, instance:test.TestFileHandling@1fa121e2]" started-at="2025-12-26T19:37:58 IST" name="init" finished-at="2025-12-26T19:37:58 IST" duration-ms="322" status="PASS">
          <reporter-output>
          </reporter-output>
        </test-method> <!-- init -->
        <test-method signature="t1()[pri:0, instance:test.TestFileHandling@1fa121e2]" started-at="2025-12-26T19:37:58 IST" name="t1" finished-at="2025-12-26T19:37:59 IST" duration-ms="1050" status="PASS">
          <reporter-output>
          </reporter-output>
        </test-method> <!-- t1 -->
        <test-method signature="t2()[pri:0, instance:test.TestFileHandling@1fa121e2]" started-at="2025-12-26T19:37:59 IST" name="t2" finished-at="2025-12-26T19:37:59 IST" duration-ms="43" status="PASS">
          <reporter-output>
          </reporter-output>
        </test-method> <!-- t2 -->
      </class> <!-- test.TestFileHandling -->
    </test> <!-- Default test -->
  </suite> <!-- Default suite -->
</testng-results>
