<?xml version="1.0" encoding="UTF-8"?>
<!-- Generated by org.testng.reporters.JUnitXMLReporter -->
<testsuite ignored="0" hostname="SWAPNIL" failures="0" tests="4" name="Default test" time="0.11" errors="0" timestamp="2025-12-04T09:33:41 IST">
  <testcase classname="db.DBTest1" name="m1" time="0.013"/>
  <testcase classname="db.DBTest1" name="m2" time="0.002"/>
  <testcase classname="ui.UITest1" name="m1" time="0.004"/>
  <testcase classname="ui.UITest1" name="m2" time="0.004"/>
</testsuite> <!-- Default test -->
