<?xml version="1.0" encoding="UTF-8"?>
<testng-results ignored="0" total="2" passed="2" failed="0" skipped="0">
  <reporter-output>
  </reporter-output>
  <suite started-at="2025-12-18T19:59:02 UTC" name="Docker Selenium Test Suite" finished-at="2025-12-18T19:59:13 UTC" duration-ms="10406">
    <groups>
    </groups>
    <test started-at="2025-12-18T19:59:02 UTC" name="Google Tests" finished-at="2025-12-18T19:59:13 UTC" duration-ms="10406">
      <class name="com.example.tests.OdooHomePageTest">
        <test-method is-config="true" signature="setUp()[pri:0, instance:com.example.tests.OdooHomePageTest@72a7c7e0]" started-at="2025-12-18T19:59:02 UTC" name="setUp" finished-at="2025-12-18T19:59:05 UTC" duration-ms="2716" status="PASS">
          <reporter-output>
          </reporter-output>
        </test-method> <!-- setUp -->
        <test-method signature="testOdooHomePageLoads()[pri:0, instance:com.example.tests.OdooHomePageTest@72a7c7e0]" started-at="2025-12-18T19:59:05 UTC" name="testOdooHomePageLoads" description="Verify Odoo homepage loads successfully" finished-at="2025-12-18T19:59:07 UTC" duration-ms="1623" status="PASS">
          <reporter-output>
          </reporter-output>
        </test-method> <!-- testOdooHomePageLoads -->
        <test-method is-config="true" signature="tearDown()[pri:0, instance:com.example.tests.OdooHomePageTest@72a7c7e0]" started-at="2025-12-18T19:59:07 UTC" name="tearDown" finished-at="2025-12-18T19:59:07 UTC" duration-ms="168" status="PASS">
          <reporter-output>
          </reporter-output>
        </test-method> <!-- tearDown -->
        <test-method is-config="true" signature="setUp()[pri:0, instance:com.example.tests.OdooHomePageTest@72a7c7e0]" started-at="2025-12-18T19:59:07 UTC" name="setUp" finished-at="2025-12-18T19:59:08 UTC" duration-ms="843" status="PASS">
          <reporter-output>
          </reporter-output>
        </test-method> <!-- setUp -->
        <test-method signature="testOdooPricing()[pri:0, instance:com.example.tests.OdooHomePageTest@72a7c7e0]" started-at="2025-12-18T19:59:08 UTC" name="testOdooPricing" description="Verify Odoo pricing works correctly" finished-at="2025-12-18T19:59:12 UTC" duration-ms="4733" status="PASS">
          <reporter-output>
          </reporter-output>
        </test-method> <!-- testOdooPricing -->
        <test-method is-config="true" signature="tearDown()[pri:0, instance:com.example.tests.OdooHomePageTest@72a7c7e0]" started-at="2025-12-18T19:59:12 UTC" name="tearDown" finished-at="2025-12-18T19:59:12 UTC" duration-ms="167" status="PASS">
          <reporter-output>
          </reporter-output>
        </test-method> <!-- tearDown -->
      </class> <!-- com.example.tests.OdooHomePageTest -->
    </test> <!-- Google Tests -->
  </suite> <!-- Docker Selenium Test Suite -->
</testng-results>
