<?xml version="1.0" encoding="UTF-8"?>
<!-- Generated by org.testng.reporters.JUnitXMLReporter -->
<testsuite ignored="0" hostname="SWAPNIL" failures="0" tests="2" name="Google Tests" time="0.075" errors="0" timestamp="2025-12-29T14:59:18 IST">
  <testcase classname="com.example.tests.BaseTest" name="@BeforeMethod setUp" time="0.024">
    <failure type="java.lang.IllegalArgumentException" message="URI is not absolute">
      <![CDATA[java.lang.IllegalArgumentException: URI is not absolute
at java.base/java.net.URL.of(URL.java:862)
at java.base/java.net.URI.toURL(URI.java:1172)
at com.example.tests.BaseTest.setUp(BaseTest.java:39)
at java.base/java.util.ArrayList.forEach(ArrayList.java:1597)
... Removed 33 stack frames]]>
    </failure>
  </testcase> <!-- @BeforeMethod setUp -->
  <testcase classname="com.example.tests.BaseTest" name="@AfterMethod tearDown" time="0.0">
    <skipped/>
  </testcase> <!-- @AfterMethod tearDown -->
  <testcase classname="com.example.tests.BaseTest" name="@BeforeMethod setUp" time="0.0">
    <skipped/>
  </testcase> <!-- @BeforeMethod setUp -->
  <testcase classname="com.example.tests.BaseTest" name="@AfterMethod tearDown" time="0.0">
    <skipped/>
  </testcase> <!-- @AfterMethod tearDown -->
  <testcase classname="com.example.tests.OdooHomePageTest" name="testOdooHomePageLoads" time="0.0">
    <skipped/>
  </testcase> <!-- testOdooHomePageLoads -->
  <testcase classname="com.example.tests.OdooHomePageTest" name="testOdooPricing" time="0.0">
    <skipped/>
  </testcase> <!-- testOdooPricing -->
</testsuite> <!-- Google Tests -->
