<?xml version="1.0" encoding="UTF-8"?>
<testng-results ignored="0" total="4" passed="4" failed="0" skipped="0">
  <reporter-output>
  </reporter-output>
  <suite started-at="2025-12-05T12:05:24 IST" name="EspoCRM Automation Suite" finished-at="2025-12-05T12:05:53 IST" duration-ms="29046">
    <groups>
    </groups>
    <test started-at="2025-12-05T12:05:24 IST" name="Contacts Tests" finished-at="2025-12-05T12:05:51 IST" duration-ms="27068">
      <class name="com.espocrm.tests.ContactsTest">
        <test-method is-config="true" signature="setUp()[pri:0, instance:com.espocrm.tests.ContactsTest@3590fc5b]" started-at="2025-12-05T12:05:25 IST" name="setUp" finished-at="2025-12-05T12:05:28 IST" duration-ms="3144" status="PASS">
          <reporter-output>
          </reporter-output>
        </test-method> <!-- setUp -->
        <test-method is-config="true" signature="login()[pri:0, instance:com.espocrm.tests.ContactsTest@3590fc5b]" started-at="2025-12-05T12:05:28 IST" name="login" finished-at="2025-12-05T12:05:30 IST" depends-on-methods="com.espocrm.tests.BaseTest.setUp" duration-ms="2692" status="PASS">
          <reporter-output>
          </reporter-output>
        </test-method> <!-- login -->
        <test-method signature="contactsCrudTest(java.util.Map)[pri:0, instance:com.espocrm.tests.ContactsTest@3590fc5b]" started-at="2025-12-05T12:05:30 IST" name="contactsCrudTest" data-provider="contactData" finished-at="2025-12-05T12:05:50 IST" duration-ms="19832" status="PASS">
          <params>
            <param index="0">
              <value>
                <![CDATA[{firstname=John, phone=9096591261, email=john.doe@example.com, countrycode=+91, lastname=Doe}]]>
              </value>
            </param>
          </params>
          <reporter-output>
          </reporter-output>
        </test-method> <!-- contactsCrudTest -->
        <test-method is-config="true" signature="tearDown()[pri:0, instance:com.espocrm.tests.ContactsTest@3590fc5b]" started-at="2025-12-05T12:05:50 IST" name="tearDown" finished-at="2025-12-05T12:05:51 IST" duration-ms="750" status="PASS">
          <reporter-output>
          </reporter-output>
        </test-method> <!-- tearDown -->
      </class> <!-- com.espocrm.tests.ContactsTest -->
    </test> <!-- Contacts Tests -->
    <test started-at="2025-12-05T12:05:24 IST" name="Opportunities Tests" finished-at="2025-12-05T12:05:51 IST" duration-ms="27050">
      <class name="com.espocrm.tests.OpportunitiesTest">
        <test-method is-config="true" signature="setUp()[pri:0, instance:com.espocrm.tests.OpportunitiesTest@30c15d8b]" started-at="2025-12-05T12:05:25 IST" name="setUp" finished-at="2025-12-05T12:05:28 IST" duration-ms="2995" status="PASS">
          <reporter-output>
          </reporter-output>
        </test-method> <!-- setUp -->
        <test-method is-config="true" signature="login()[pri:0, instance:com.espocrm.tests.OpportunitiesTest@30c15d8b]" started-at="2025-12-05T12:05:28 IST" name="login" finished-at="2025-12-05T12:05:30 IST" depends-on-methods="com.espocrm.tests.BaseTest.setUp" duration-ms="2842" status="PASS">
          <reporter-output>
          </reporter-output>
        </test-method> <!-- login -->
        <test-method signature="opportunitiesCrudTest(java.util.Map)[pri:0, instance:com.espocrm.tests.OpportunitiesTest@30c15d8b]" started-at="2025-12-05T12:05:30 IST" name="opportunitiesCrudTest" data-provider="opportunityData" finished-at="2025-12-05T12:05:50 IST" duration-ms="19579" status="PASS">
          <params>
            <param index="0">
              <value>
                <![CDATA[{name=Opportunity1, amount=10000, closedate=02.11.2025, stage=Proposal}]]>
              </value>
            </param>
          </params>
          <reporter-output>
          </reporter-output>
        </test-method> <!-- opportunitiesCrudTest -->
        <test-method is-config="true" signature="tearDown()[pri:0, instance:com.espocrm.tests.OpportunitiesTest@30c15d8b]" started-at="2025-12-05T12:05:50 IST" name="tearDown" finished-at="2025-12-05T12:05:51 IST" duration-ms="973" status="PASS">
          <reporter-output>
          </reporter-output>
        </test-method> <!-- tearDown -->
      </class> <!-- com.espocrm.tests.OpportunitiesTest -->
    </test> <!-- Opportunities Tests -->
    <test started-at="2025-12-05T12:05:24 IST" name="Leads Tests" finished-at="2025-12-05T12:05:52 IST" duration-ms="28516">
      <class name="com.espocrm.tests.LeadsTest">
        <test-method is-config="true" signature="setUp()[pri:0, instance:com.espocrm.tests.LeadsTest@5fe94a96]" started-at="2025-12-05T12:05:25 IST" name="setUp" finished-at="2025-12-05T12:05:28 IST" duration-ms="3451" status="PASS">
          <reporter-output>
          </reporter-output>
        </test-method> <!-- setUp -->
        <test-method is-config="true" signature="login()[pri:0, instance:com.espocrm.tests.LeadsTest@5fe94a96]" started-at="2025-12-05T12:05:28 IST" name="login" finished-at="2025-12-05T12:05:30 IST" depends-on-methods="com.espocrm.tests.BaseTest.setUp" duration-ms="2249" status="PASS">
          <reporter-output>
          </reporter-output>
        </test-method> <!-- login -->
        <test-method signature="leadsCrudTest(java.util.Map)[pri:0, instance:com.espocrm.tests.LeadsTest@5fe94a96]" started-at="2025-12-05T12:05:30 IST" name="leadsCrudTest" data-provider="leadData" finished-at="2025-12-05T12:05:52 IST" duration-ms="21863" status="PASS">
          <params>
            <param index="0">
              <value>
                <![CDATA[{firstname=John, phone=9096591261, email=john.doe@example.com, countrycode=+91, lastname=Doe}]]>
              </value>
            </param>
          </params>
          <reporter-output>
          </reporter-output>
        </test-method> <!-- leadsCrudTest -->
        <test-method is-config="true" signature="tearDown()[pri:0, instance:com.espocrm.tests.LeadsTest@5fe94a96]" started-at="2025-12-05T12:05:52 IST" name="tearDown" finished-at="2025-12-05T12:05:52 IST" duration-ms="306" status="PASS">
          <reporter-output>
          </reporter-output>
        </test-method> <!-- tearDown -->
      </class> <!-- com.espocrm.tests.LeadsTest -->
    </test> <!-- Leads Tests -->
    <test started-at="2025-12-05T12:05:24 IST" name="Accounts Tests" finished-at="2025-12-05T12:05:53 IST" duration-ms="29046">
      <class name="com.espocrm.tests.AccountsTest">
        <test-method is-config="true" signature="setUp()[pri:0, instance:com.espocrm.tests.AccountsTest@2a798d51]" started-at="2025-12-05T12:05:25 IST" name="setUp" finished-at="2025-12-05T12:05:28 IST" duration-ms="3243" status="PASS">
          <reporter-output>
          </reporter-output>
        </test-method> <!-- setUp -->
        <test-method is-config="true" signature="login()[pri:0, instance:com.espocrm.tests.AccountsTest@2a798d51]" started-at="2025-12-05T12:05:28 IST" name="login" finished-at="2025-12-05T12:05:30 IST" depends-on-methods="com.espocrm.tests.BaseTest.setUp" duration-ms="2654" status="PASS">
          <reporter-output>
          </reporter-output>
        </test-method> <!-- login -->
        <test-method signature="accountsCrudTest(java.util.Map)[pri:0, instance:com.espocrm.tests.AccountsTest@2a798d51]" started-at="2025-12-05T12:05:30 IST" name="accountsCrudTest" data-provider="accountData" finished-at="2025-12-05T12:05:53 IST" duration-ms="22226" status="PASS">
          <params>
            <param index="0">
              <value>
                <![CDATA[{name=Test Account 1, website=https://example.com, phone=9096591261, email=sdk@gmail.com, countrycode=+91}]]>
              </value>
            </param>
          </params>
          <reporter-output>
          </reporter-output>
        </test-method> <!-- accountsCrudTest -->
        <test-method is-config="true" signature="tearDown()[pri:0, instance:com.espocrm.tests.AccountsTest@2a798d51]" started-at="2025-12-05T12:05:53 IST" name="tearDown" finished-at="2025-12-05T12:05:53 IST" duration-ms="275" status="PASS">
          <reporter-output>
          </reporter-output>
        </test-method> <!-- tearDown -->
      </class> <!-- com.espocrm.tests.AccountsTest -->
    </test> <!-- Accounts Tests -->
  </suite> <!-- EspoCRM Automation Suite -->
</testng-results>
