<?xml version="1.0" encoding="UTF-8"?>
<!-- Generated by org.testng.reporters.JUnitReportReporter -->
<testsuite hostname="fe2bc19c14ba" failures="0" tests="2" name="com.example.tests.OdooHomePageTest" time="10.250" errors="0" timestamp="2025-12-18T19:59:13 UTC" skipped="0">
  <testcase classname="com.example.tests.OdooHomePageTest" name="testOdooHomePageLoads" time="4.506"/>
  <testcase classname="com.example.tests.OdooHomePageTest" name="testOdooPricing" time="5.744"/>
</testsuite> <!-- com.example.tests.OdooHomePageTest -->
