<?xml version="1.0" encoding="UTF-8"?>
<!-- Generated by org.testng.reporters.JUnitReportReporter -->
<testsuite hostname="e3c198287abc" failures="0" tests="2" name="com.example.tests.OdooHomePageTest" time="13.951" errors="0" timestamp="2025-12-12T18:07:15 UTC" skipped="0">
  <testcase classname="com.example.tests.OdooHomePageTest" name="testOdooHomePageLoads" time="6.103"/>
  <testcase classname="com.example.tests.OdooHomePageTest" name="testOdooPricing" time="7.848"/>
</testsuite> <!-- com.example.tests.OdooHomePageTest -->
