<?xml version="1.0" encoding="UTF-8"?>
<testng-results ignored="0" total="16" passed="16" failed="0" skipped="0">
  <reporter-output>
  </reporter-output>
  <suite started-at="2025-12-04T09:59:41 IST" name="All" finished-at="2025-12-04T09:59:41 IST" duration-ms="0">
    <groups>
    </groups>
  </suite> <!-- All -->
  <suite started-at="2025-12-04T09:59:41 IST" name="Suite1 (0)" finished-at="2025-12-04T09:59:41 IST" duration-ms="83">
    <groups>
    </groups>
    <test started-at="2025-12-04T09:59:41 IST" name="UITests" finished-at="2025-12-04T09:59:41 IST" duration-ms="36">
      <class name="ui.UITest2">
        <test-method is-config="true" signature="bt1()[pri:0, instance:ui.UITest2@7188af83]" started-at="2025-12-04T09:59:41 IST" name="bt1" finished-at="2025-12-04T09:59:41 IST" duration-ms="0" status="PASS">
          <reporter-output>
          </reporter-output>
        </test-method> <!-- bt1 -->
        <test-method is-config="true" signature="bc1()[pri:0, instance:ui.UITest2@7188af83]" started-at="2025-12-04T09:59:41 IST" name="bc1" finished-at="2025-12-04T09:59:41 IST" duration-ms="1" status="PASS">
          <reporter-output>
          </reporter-output>
        </test-method> <!-- bc1 -->
        <test-method is-config="true" signature="bm1()[pri:0, instance:ui.UITest2@7188af83]" started-at="2025-12-04T09:59:41 IST" name="bm1" finished-at="2025-12-04T09:59:41 IST" duration-ms="1" status="PASS">
          <reporter-output>
          </reporter-output>
        </test-method> <!-- bm1 -->
        <test-method signature="m1()[pri:0, instance:ui.UITest2@7188af83]" started-at="2025-12-04T09:59:41 IST" name="m1" finished-at="2025-12-04T09:59:41 IST" duration-ms="2" status="PASS">
          <reporter-output>
          </reporter-output>
        </test-method> <!-- m1 -->
        <test-method is-config="true" signature="am1()[pri:0, instance:ui.UITest2@7188af83]" started-at="2025-12-04T09:59:41 IST" name="am1" finished-at="2025-12-04T09:59:41 IST" duration-ms="1" status="PASS">
          <reporter-output>
          </reporter-output>
        </test-method> <!-- am1 -->
        <test-method is-config="true" signature="bm1()[pri:0, instance:ui.UITest2@7188af83]" started-at="2025-12-04T09:59:41 IST" name="bm1" finished-at="2025-12-04T09:59:41 IST" duration-ms="0" status="PASS">
          <reporter-output>
          </reporter-output>
        </test-method> <!-- bm1 -->
        <test-method signature="m2()[pri:0, instance:ui.UITest2@7188af83]" started-at="2025-12-04T09:59:41 IST" name="m2" finished-at="2025-12-04T09:59:41 IST" duration-ms="1" status="PASS">
          <reporter-output>
          </reporter-output>
        </test-method> <!-- m2 -->
        <test-method is-config="true" signature="am1()[pri:0, instance:ui.UITest2@7188af83]" started-at="2025-12-04T09:59:41 IST" name="am1" finished-at="2025-12-04T09:59:41 IST" duration-ms="0" status="PASS">
          <reporter-output>
          </reporter-output>
        </test-method> <!-- am1 -->
        <test-method is-config="true" signature="ac1()[pri:0, instance:ui.UITest2@7188af83]" started-at="2025-12-04T09:59:41 IST" name="ac1" finished-at="2025-12-04T09:59:41 IST" duration-ms="0" status="PASS">
          <reporter-output>
          </reporter-output>
        </test-method> <!-- ac1 -->
        <test-method is-config="true" signature="at1()[pri:0, instance:ui.UITest2@7188af83]" started-at="2025-12-04T09:59:41 IST" name="at1" finished-at="2025-12-04T09:59:41 IST" duration-ms="1" status="PASS">
          <reporter-output>
          </reporter-output>
        </test-method> <!-- at1 -->
      </class> <!-- ui.UITest2 -->
      <class name="ui.UITest1">
        <test-method is-config="true" signature="bt1()[pri:0, instance:ui.UITest1@6be968ce]" started-at="2025-12-04T09:59:41 IST" name="bt1" finished-at="2025-12-04T09:59:41 IST" duration-ms="1" status="PASS">
          <reporter-output>
          </reporter-output>
        </test-method> <!-- bt1 -->
        <test-method is-config="true" signature="bc1()[pri:0, instance:ui.UITest1@6be968ce]" started-at="2025-12-04T09:59:41 IST" name="bc1" finished-at="2025-12-04T09:59:41 IST" duration-ms="0" status="PASS">
          <reporter-output>
          </reporter-output>
        </test-method> <!-- bc1 -->
        <test-method signature="m1()[pri:0, instance:ui.UITest1@6be968ce]" started-at="2025-12-04T09:59:41 IST" name="m1" finished-at="2025-12-04T09:59:41 IST" duration-ms="3" status="PASS">
          <reporter-output>
          </reporter-output>
        </test-method> <!-- m1 -->
        <test-method is-config="true" signature="bm1()[pri:0, instance:ui.UITest1@6be968ce]" started-at="2025-12-04T09:59:41 IST" name="bm1" finished-at="2025-12-04T09:59:41 IST" duration-ms="0" status="PASS">
          <reporter-output>
          </reporter-output>
        </test-method> <!-- bm1 -->
        <test-method is-config="true" signature="am1()[pri:0, instance:ui.UITest1@6be968ce]" started-at="2025-12-04T09:59:41 IST" name="am1" finished-at="2025-12-04T09:59:41 IST" duration-ms="1" status="PASS">
          <reporter-output>
          </reporter-output>
        </test-method> <!-- am1 -->
        <test-method is-config="true" signature="bm1()[pri:0, instance:ui.UITest1@6be968ce]" started-at="2025-12-04T09:59:41 IST" name="bm1" finished-at="2025-12-04T09:59:41 IST" duration-ms="1" status="PASS">
          <reporter-output>
          </reporter-output>
        </test-method> <!-- bm1 -->
        <test-method signature="m2()[pri:0, instance:ui.UITest1@6be968ce]" started-at="2025-12-04T09:59:41 IST" name="m2" finished-at="2025-12-04T09:59:41 IST" duration-ms="1" status="PASS">
          <reporter-output>
          </reporter-output>
        </test-method> <!-- m2 -->
        <test-method is-config="true" signature="am1()[pri:0, instance:ui.UITest1@6be968ce]" started-at="2025-12-04T09:59:41 IST" name="am1" finished-at="2025-12-04T09:59:41 IST" duration-ms="0" status="PASS">
          <reporter-output>
          </reporter-output>
        </test-method> <!-- am1 -->
        <test-method is-config="true" signature="ac1()[pri:0, instance:ui.UITest1@6be968ce]" started-at="2025-12-04T09:59:41 IST" name="ac1" finished-at="2025-12-04T09:59:41 IST" duration-ms="0" status="PASS">
          <reporter-output>
          </reporter-output>
        </test-method> <!-- ac1 -->
        <test-method is-config="true" signature="at1()[pri:0, instance:ui.UITest1@6be968ce]" started-at="2025-12-04T09:59:41 IST" name="at1" finished-at="2025-12-04T09:59:41 IST" duration-ms="0" status="PASS">
          <reporter-output>
          </reporter-output>
        </test-method> <!-- at1 -->
      </class> <!-- ui.UITest1 -->
    </test> <!-- UITests -->
    <test started-at="2025-12-04T09:59:41 IST" name="DBTests" finished-at="2025-12-04T09:59:41 IST" duration-ms="42">
      <class name="ui.UITest2">
        <test-method is-config="true" signature="bs1()[pri:0, instance:ui.UITest2@7188af83]" started-at="2025-12-04T09:59:41 IST" name="bs1" finished-at="2025-12-04T09:59:41 IST" duration-ms="1" status="PASS">
          <reporter-output>
          </reporter-output>
        </test-method> <!-- bs1 -->
        <test-method is-config="true" signature="as1()[pri:0, instance:ui.UITest2@7188af83]" started-at="2025-12-04T09:59:41 IST" name="as1" finished-at="2025-12-04T09:59:41 IST" duration-ms="0" status="PASS">
          <reporter-output>
          </reporter-output>
        </test-method> <!-- as1 -->
      </class> <!-- ui.UITest2 -->
      <class name="ui.UITest1">
        <test-method is-config="true" signature="bs1()[pri:0, instance:ui.UITest1@6be968ce]" started-at="2025-12-04T09:59:41 IST" name="bs1" finished-at="2025-12-04T09:59:41 IST" duration-ms="9" status="PASS">
          <reporter-output>
          </reporter-output>
        </test-method> <!-- bs1 -->
        <test-method is-config="true" signature="as1()[pri:0, instance:ui.UITest1@6be968ce]" started-at="2025-12-04T09:59:41 IST" name="as1" finished-at="2025-12-04T09:59:41 IST" duration-ms="1" status="PASS">
          <reporter-output>
          </reporter-output>
        </test-method> <!-- as1 -->
      </class> <!-- ui.UITest1 -->
      <class name="db.DBTest2">
        <test-method is-config="true" signature="bs1()[pri:0, instance:db.DBTest2@4082ba93]" started-at="2025-12-04T09:59:41 IST" name="bs1" finished-at="2025-12-04T09:59:41 IST" duration-ms="0" status="PASS">
          <reporter-output>
          </reporter-output>
        </test-method> <!-- bs1 -->
        <test-method is-config="true" signature="bt1()[pri:0, instance:db.DBTest2@4082ba93]" started-at="2025-12-04T09:59:41 IST" name="bt1" finished-at="2025-12-04T09:59:41 IST" duration-ms="0" status="PASS">
          <reporter-output>
          </reporter-output>
        </test-method> <!-- bt1 -->
        <test-method is-config="true" signature="bc1()[pri:0, instance:db.DBTest2@4082ba93]" started-at="2025-12-04T09:59:41 IST" name="bc1" finished-at="2025-12-04T09:59:41 IST" duration-ms="1" status="PASS">
          <reporter-output>
          </reporter-output>
        </test-method> <!-- bc1 -->
        <test-method is-config="true" signature="bm1()[pri:0, instance:db.DBTest2@4082ba93]" started-at="2025-12-04T09:59:41 IST" name="bm1" finished-at="2025-12-04T09:59:41 IST" duration-ms="1" status="PASS">
          <reporter-output>
          </reporter-output>
        </test-method> <!-- bm1 -->
        <test-method signature="m1()[pri:0, instance:db.DBTest2@4082ba93]" started-at="2025-12-04T09:59:41 IST" name="m1" finished-at="2025-12-04T09:59:41 IST" duration-ms="1" status="PASS">
          <reporter-output>
          </reporter-output>
        </test-method> <!-- m1 -->
        <test-method is-config="true" signature="am1()[pri:0, instance:db.DBTest2@4082ba93]" started-at="2025-12-04T09:59:41 IST" name="am1" finished-at="2025-12-04T09:59:41 IST" duration-ms="0" status="PASS">
          <reporter-output>
          </reporter-output>
        </test-method> <!-- am1 -->
        <test-method is-config="true" signature="bm1()[pri:0, instance:db.DBTest2@4082ba93]" started-at="2025-12-04T09:59:41 IST" name="bm1" finished-at="2025-12-04T09:59:41 IST" duration-ms="0" status="PASS">
          <reporter-output>
          </reporter-output>
        </test-method> <!-- bm1 -->
        <test-method signature="m2()[pri:0, instance:db.DBTest2@4082ba93]" started-at="2025-12-04T09:59:41 IST" name="m2" finished-at="2025-12-04T09:59:41 IST" duration-ms="2" status="PASS">
          <reporter-output>
          </reporter-output>
        </test-method> <!-- m2 -->
        <test-method is-config="true" signature="am1()[pri:0, instance:db.DBTest2@4082ba93]" started-at="2025-12-04T09:59:41 IST" name="am1" finished-at="2025-12-04T09:59:41 IST" duration-ms="1" status="PASS">
          <reporter-output>
          </reporter-output>
        </test-method> <!-- am1 -->
        <test-method is-config="true" signature="ac1()[pri:0, instance:db.DBTest2@4082ba93]" started-at="2025-12-04T09:59:41 IST" name="ac1" finished-at="2025-12-04T09:59:41 IST" duration-ms="0" status="PASS">
          <reporter-output>
          </reporter-output>
        </test-method> <!-- ac1 -->
        <test-method is-config="true" signature="at1()[pri:0, instance:db.DBTest2@4082ba93]" started-at="2025-12-04T09:59:41 IST" name="at1" finished-at="2025-12-04T09:59:41 IST" duration-ms="0" status="PASS">
          <reporter-output>
          </reporter-output>
        </test-method> <!-- at1 -->
        <test-method is-config="true" signature="as1()[pri:0, instance:db.DBTest2@4082ba93]" started-at="2025-12-04T09:59:41 IST" name="as1" finished-at="2025-12-04T09:59:41 IST" duration-ms="0" status="PASS">
          <reporter-output>
          </reporter-output>
        </test-method> <!-- as1 -->
      </class> <!-- db.DBTest2 -->
      <class name="db.DBTest1">
        <test-method is-config="true" signature="bs1()[pri:0, instance:db.DBTest1@4a003cbe]" started-at="2025-12-04T09:59:41 IST" name="bs1" finished-at="2025-12-04T09:59:41 IST" duration-ms="0" status="PASS">
          <reporter-output>
          </reporter-output>
        </test-method> <!-- bs1 -->
        <test-method is-config="true" signature="bt1()[pri:0, instance:db.DBTest1@4a003cbe]" started-at="2025-12-04T09:59:41 IST" name="bt1" finished-at="2025-12-04T09:59:41 IST" duration-ms="1" status="PASS">
          <reporter-output>
          </reporter-output>
        </test-method> <!-- bt1 -->
        <test-method is-config="true" signature="bc1()[pri:0, instance:db.DBTest1@4a003cbe]" started-at="2025-12-04T09:59:41 IST" name="bc1" finished-at="2025-12-04T09:59:41 IST" duration-ms="1" status="PASS">
          <reporter-output>
          </reporter-output>
        </test-method> <!-- bc1 -->
        <test-method is-config="true" signature="bm1()[pri:0, instance:db.DBTest1@4a003cbe]" started-at="2025-12-04T09:59:41 IST" name="bm1" finished-at="2025-12-04T09:59:41 IST" duration-ms="0" status="PASS">
          <reporter-output>
          </reporter-output>
        </test-method> <!-- bm1 -->
        <test-method signature="m1()[pri:0, instance:db.DBTest1@4a003cbe]" started-at="2025-12-04T09:59:41 IST" name="m1" finished-at="2025-12-04T09:59:41 IST" duration-ms="1" status="PASS">
          <reporter-output>
          </reporter-output>
        </test-method> <!-- m1 -->
        <test-method is-config="true" signature="am1()[pri:0, instance:db.DBTest1@4a003cbe]" started-at="2025-12-04T09:59:41 IST" name="am1" finished-at="2025-12-04T09:59:41 IST" duration-ms="0" status="PASS">
          <reporter-output>
          </reporter-output>
        </test-method> <!-- am1 -->
        <test-method is-config="true" signature="bm1()[pri:0, instance:db.DBTest1@4a003cbe]" started-at="2025-12-04T09:59:41 IST" name="bm1" finished-at="2025-12-04T09:59:41 IST" duration-ms="1" status="PASS">
          <reporter-output>
          </reporter-output>
        </test-method> <!-- bm1 -->
        <test-method signature="m2()[pri:0, instance:db.DBTest1@4a003cbe]" started-at="2025-12-04T09:59:41 IST" name="m2" finished-at="2025-12-04T09:59:41 IST" duration-ms="1" status="PASS">
          <reporter-output>
          </reporter-output>
        </test-method> <!-- m2 -->
        <test-method is-config="true" signature="am1()[pri:0, instance:db.DBTest1@4a003cbe]" started-at="2025-12-04T09:59:41 IST" name="am1" finished-at="2025-12-04T09:59:41 IST" duration-ms="1" status="PASS">
          <reporter-output>
          </reporter-output>
        </test-method> <!-- am1 -->
        <test-method is-config="true" signature="ac1()[pri:0, instance:db.DBTest1@4a003cbe]" started-at="2025-12-04T09:59:41 IST" name="ac1" finished-at="2025-12-04T09:59:41 IST" duration-ms="1" status="PASS">
          <reporter-output>
          </reporter-output>
        </test-method> <!-- ac1 -->
        <test-method is-config="true" signature="at1()[pri:0, instance:db.DBTest1@4a003cbe]" started-at="2025-12-04T09:59:41 IST" name="at1" finished-at="2025-12-04T09:59:41 IST" duration-ms="2" status="PASS">
          <reporter-output>
          </reporter-output>
        </test-method> <!-- at1 -->
        <test-method is-config="true" signature="as1()[pri:0, instance:db.DBTest1@4a003cbe]" started-at="2025-12-04T09:59:41 IST" name="as1" finished-at="2025-12-04T09:59:41 IST" duration-ms="1" status="PASS">
          <reporter-output>
          </reporter-output>
        </test-method> <!-- as1 -->
      </class> <!-- db.DBTest1 -->
    </test> <!-- DBTests -->
  </suite> <!-- Suite1 (0) -->
  <suite started-at="2025-12-04T09:59:41 IST" name="Suite1" finished-at="2025-12-04T09:59:41 IST" duration-ms="235">
    <groups>
      <group name="acceptance">
        <method signature="BTest1.m2()[pri:0, instance:beta.BTest1@16eb3ea3]" name="m2" class="beta.BTest1"/>
        <method signature="BTest2.m2()[pri:0, instance:beta.BTest2@273444fe]" name="m2" class="beta.BTest2"/>
      </group> <!-- acceptance -->
      <group name="reg">
        <method signature="ATest1.m1()[pri:0, instance:alpha.ATest1@13e344d]" name="m1" class="alpha.ATest1"/>
        <method signature="ATest2.m1()[pri:0, instance:alpha.ATest2@298a5e20]" name="m1" class="alpha.ATest2"/>
      </group> <!-- reg -->
      <group name="alpha">
        <method signature="ATest1.m1()[pri:0, instance:alpha.ATest1@13e344d]" name="m1" class="alpha.ATest1"/>
        <method signature="ATest1.m2()[pri:0, instance:alpha.ATest1@13e344d]" name="m2" class="alpha.ATest1"/>
        <method signature="ATest2.m1()[pri:0, instance:alpha.ATest2@298a5e20]" name="m1" class="alpha.ATest2"/>
        <method signature="ATest2.m2()[pri:0, instance:alpha.ATest2@298a5e20]" name="m2" class="alpha.ATest2"/>
      </group> <!-- alpha -->
      <group name="smoke">
        <method signature="BTest1.m1()[pri:0, instance:beta.BTest1@16eb3ea3]" name="m1" class="beta.BTest1"/>
        <method signature="BTest2.m1()[pri:0, instance:beta.BTest2@273444fe]" name="m1" class="beta.BTest2"/>
      </group> <!-- smoke -->
      <group name="beta">
        <method signature="BTest1.m1()[pri:0, instance:beta.BTest1@16eb3ea3]" name="m1" class="beta.BTest1"/>
        <method signature="BTest1.m2()[pri:0, instance:beta.BTest1@16eb3ea3]" name="m2" class="beta.BTest1"/>
        <method signature="BTest2.m1()[pri:0, instance:beta.BTest2@273444fe]" name="m1" class="beta.BTest2"/>
        <method signature="BTest2.m2()[pri:0, instance:beta.BTest2@273444fe]" name="m2" class="beta.BTest2"/>
      </group> <!-- beta -->
      <group name="fun">
        <method signature="ATest1.m2()[pri:0, instance:alpha.ATest1@13e344d]" name="m2" class="alpha.ATest1"/>
        <method signature="ATest2.m2()[pri:0, instance:alpha.ATest2@298a5e20]" name="m2" class="alpha.ATest2"/>
      </group> <!-- fun -->
    </groups>
    <test started-at="2025-12-04T09:59:41 IST" name="atest1" finished-at="2025-12-04T09:59:41 IST" duration-ms="90">
      <class name="alpha.ATest1">
        <test-method signature="m1()[pri:0, instance:alpha.ATest1@13e344d]" started-at="2025-12-04T09:59:41 IST" name="m1" finished-at="2025-12-04T09:59:41 IST" duration-ms="12" status="PASS">
          <reporter-output>
          </reporter-output>
        </test-method> <!-- m1 -->
        <test-method signature="m2()[pri:0, instance:alpha.ATest1@13e344d]" started-at="2025-12-04T09:59:41 IST" name="m2" finished-at="2025-12-04T09:59:41 IST" duration-ms="2" status="PASS">
          <reporter-output>
          </reporter-output>
        </test-method> <!-- m2 -->
      </class> <!-- alpha.ATest1 -->
      <class name="alpha.ATest2">
        <test-method signature="m1()[pri:0, instance:alpha.ATest2@298a5e20]" started-at="2025-12-04T09:59:41 IST" name="m1" finished-at="2025-12-04T09:59:41 IST" duration-ms="2" status="PASS">
          <reporter-output>
          </reporter-output>
        </test-method> <!-- m1 -->
        <test-method signature="m2()[pri:0, instance:alpha.ATest2@298a5e20]" started-at="2025-12-04T09:59:41 IST" name="m2" finished-at="2025-12-04T09:59:41 IST" duration-ms="4" status="PASS">
          <reporter-output>
          </reporter-output>
        </test-method> <!-- m2 -->
      </class> <!-- alpha.ATest2 -->
    </test> <!-- atest1 -->
    <test started-at="2025-12-04T09:59:41 IST" name="btest2" finished-at="2025-12-04T09:59:41 IST" duration-ms="21">
      <class name="beta.BTest1">
        <test-method signature="m1()[pri:0, instance:beta.BTest1@16eb3ea3]" started-at="2025-12-04T09:59:41 IST" name="m1" finished-at="2025-12-04T09:59:41 IST" duration-ms="3" status="PASS">
          <reporter-output>
          </reporter-output>
        </test-method> <!-- m1 -->
        <test-method signature="m2()[pri:0, instance:beta.BTest1@16eb3ea3]" started-at="2025-12-04T09:59:41 IST" name="m2" finished-at="2025-12-04T09:59:41 IST" duration-ms="1" status="PASS">
          <reporter-output>
          </reporter-output>
        </test-method> <!-- m2 -->
      </class> <!-- beta.BTest1 -->
      <class name="beta.BTest2">
        <test-method signature="m1()[pri:0, instance:beta.BTest2@273444fe]" started-at="2025-12-04T09:59:41 IST" name="m1" finished-at="2025-12-04T09:59:41 IST" duration-ms="2" status="PASS">
          <reporter-output>
          </reporter-output>
        </test-method> <!-- m1 -->
        <test-method signature="m2()[pri:0, instance:beta.BTest2@273444fe]" started-at="2025-12-04T09:59:41 IST" name="m2" finished-at="2025-12-04T09:59:41 IST" duration-ms="2" status="PASS">
          <reporter-output>
          </reporter-output>
        </test-method> <!-- m2 -->
      </class> <!-- beta.BTest2 -->
    </test> <!-- btest2 -->
  </suite> <!-- Suite1 -->
</testng-results>
